<?xml version="1.0" encoding="UTF-8"?>
<testng-results ignored="0" total="1" passed="1" failed="0" skipped="0">
  <reporter-output>
  </reporter-output>
  <suite started-at="2023-11-21T18:12:56 IST" name="Default suite" finished-at="2023-11-21T18:16:14 IST" duration-ms="198000">
    <groups>
    </groups>
    <test started-at="2023-11-21T18:12:56 IST" name="Default test" finished-at="2023-11-21T18:16:14 IST" duration-ms="198000">
      <class name="testCases.LoginTest">
        <test-method is-config="true" signature="setupMethod()[pri:0, instance:testCases.LoginTest@1b11171f]" started-at="2023-11-21T18:12:56 IST" name="setupMethod" finished-at="2023-11-21T18:14:07 IST" duration-ms="71696" status="PASS">
          <reporter-output>
          </reporter-output>
        </test-method> <!-- setupMethod -->
        <test-method signature="LoginTestMethod()[pri:0, instance:testCases.LoginTest@1b11171f]" started-at="2023-11-21T18:14:07 IST" name="LoginTestMethod" finished-at="2023-11-21T18:16:07 IST" duration-ms="119945" status="PASS">
          <reporter-output>
          </reporter-output>
        </test-method> <!-- LoginTestMethod -->
        <test-method is-config="true" signature="teardown()[pri:0, instance:testCases.LoginTest@1b11171f]" started-at="2023-11-21T18:16:07 IST" name="teardown" finished-at="2023-11-21T18:16:14 IST" duration-ms="6106" status="PASS">
          <reporter-output>
          </reporter-output>
        </test-method> <!-- teardown -->
      </class> <!-- testCases.LoginTest -->
    </test> <!-- Default test -->
  </suite> <!-- Default suite -->
</testng-results>
